<?xml version="1.0" encoding="UTF-8"?>
<testsuite xmlns:xsi="http://www.w3.org/2001/XMLSchema-instance" xsi:noNamespaceSchemaLocation="https://maven.apache.org/surefire/maven-surefire-plugin/xsd/surefire-test-report-3.0.xsd" version="3.0" name="TestSuite" time="44.57" tests="5" errors="0" skipped="0" failures="0">
  <properties>
    <property name="java.specification.version" value="21"/>
    <property name="sun.cpu.isalist" value="amd64"/>
    <property name="sun.jnu.encoding" value="Cp1252"/>
    <property name="java.class.path" value="C:\Users\dalvi\OneDrive\Documents\test-automation\target\test-classes;C:\Users\dalvi\OneDrive\Documents\test-automation\target\classes;C:\Users\dalvi\.m2\repository\org\seleniumhq\selenium\selenium-java\4.34.0\selenium-java-4.34.0.jar;C:\Users\dalvi\.m2\repository\org\seleniumhq\selenium\selenium-api\4.34.0\selenium-api-4.34.0.jar;C:\Users\dalvi\.m2\repository\org\jspecify\jspecify\1.0.0\jspecify-1.0.0.jar;C:\Users\dalvi\.m2\repository\org\seleniumhq\selenium\selenium-chrome-driver\4.34.0\selenium-chrome-driver-4.34.0.jar;C:\Users\dalvi\.m2\repository\com\google\auto\service\auto-service-annotations\1.1.1\auto-service-annotations-1.1.1.jar;C:\Users\dalvi\.m2\repository\org\seleniumhq\selenium\selenium-chromium-driver\4.34.0\selenium-chromium-driver-4.34.0.jar;C:\Users\dalvi\.m2\repository\org\seleniumhq\selenium\selenium-json\4.34.0\selenium-json-4.34.0.jar;C:\Users\dalvi\.m2\repository\org\seleniumhq\selenium\selenium-manager\4.34.0\selenium-manager-4.34.0.jar;C:\Users\dalvi\.m2\repository\org\seleniumhq\selenium\selenium-devtools-v136\4.34.0\selenium-devtools-v136-4.34.0.jar;C:\Users\dalvi\.m2\repository\org\seleniumhq\selenium\selenium-devtools-v137\4.34.0\selenium-devtools-v137-4.34.0.jar;C:\Users\dalvi\.m2\repository\org\seleniumhq\selenium\selenium-devtools-v138\4.34.0\selenium-devtools-v138-4.34.0.jar;C:\Users\dalvi\.m2\repository\org\seleniumhq\selenium\selenium-edge-driver\4.34.0\selenium-edge-driver-4.34.0.jar;C:\Users\dalvi\.m2\repository\org\seleniumhq\selenium\selenium-firefox-driver\4.34.0\selenium-firefox-driver-4.34.0.jar;C:\Users\dalvi\.m2\repository\org\seleniumhq\selenium\selenium-http\4.34.0\selenium-http-4.34.0.jar;C:\Users\dalvi\.m2\repository\org\seleniumhq\selenium\selenium-ie-driver\4.34.0\selenium-ie-driver-4.34.0.jar;C:\Users\dalvi\.m2\repository\org\seleniumhq\selenium\selenium-remote-driver\4.34.0\selenium-remote-driver-4.34.0.jar;C:\Users\dalvi\.m2\repository\com\google\guava\guava\33.4.8-jre\guava-33.4.8-jre.jar;C:\Users\dalvi\.m2\repository\com\google\guava\failureaccess\1.0.3\failureaccess-1.0.3.jar;C:\Users\dalvi\.m2\repository\com\google\guava\listenablefuture\9999.0-empty-to-avoid-conflict-with-guava\listenablefuture-9999.0-empty-to-avoid-conflict-with-guava.jar;C:\Users\dalvi\.m2\repository\com\google\errorprone\error_prone_annotations\2.36.0\error_prone_annotations-2.36.0.jar;C:\Users\dalvi\.m2\repository\com\google\j2objc\j2objc-annotations\3.0.0\j2objc-annotations-3.0.0.jar;C:\Users\dalvi\.m2\repository\io\opentelemetry\opentelemetry-api\1.51.0\opentelemetry-api-1.51.0.jar;C:\Users\dalvi\.m2\repository\io\opentelemetry\opentelemetry-context\1.51.0\opentelemetry-context-1.51.0.jar;C:\Users\dalvi\.m2\repository\io\opentelemetry\opentelemetry-exporter-logging\1.51.0\opentelemetry-exporter-logging-1.51.0.jar;C:\Users\dalvi\.m2\repository\io\opentelemetry\opentelemetry-sdk-common\1.51.0\opentelemetry-sdk-common-1.51.0.jar;C:\Users\dalvi\.m2\repository\io\opentelemetry\opentelemetry-sdk-extension-autoconfigure-spi\1.51.0\opentelemetry-sdk-extension-autoconfigure-spi-1.51.0.jar;C:\Users\dalvi\.m2\repository\io\opentelemetry\opentelemetry-sdk-extension-autoconfigure\1.51.0\opentelemetry-sdk-extension-autoconfigure-1.51.0.jar;C:\Users\dalvi\.m2\repository\io\opentelemetry\opentelemetry-sdk-trace\1.51.0\opentelemetry-sdk-trace-1.51.0.jar;C:\Users\dalvi\.m2\repository\io\opentelemetry\opentelemetry-sdk\1.51.0\opentelemetry-sdk-1.51.0.jar;C:\Users\dalvi\.m2\repository\io\opentelemetry\opentelemetry-sdk-metrics\1.51.0\opentelemetry-sdk-metrics-1.51.0.jar;C:\Users\dalvi\.m2\repository\io\opentelemetry\opentelemetry-sdk-logs\1.51.0\opentelemetry-sdk-logs-1.51.0.jar;C:\Users\dalvi\.m2\repository\net\bytebuddy\byte-buddy\1.17.6\byte-buddy-1.17.6.jar;C:\Users\dalvi\.m2\repository\org\seleniumhq\selenium\selenium-os\4.34.0\selenium-os-4.34.0.jar;C:\Users\dalvi\.m2\repository\org\apache\commons\commons-exec\1.5.0\commons-exec-1.5.0.jar;C:\Users\dalvi\.m2\repository\org\seleniumhq\selenium\selenium-safari-driver\4.34.0\selenium-safari-driver-4.34.0.jar;C:\Users\dalvi\.m2\repository\org\seleniumhq\selenium\selenium-support\4.34.0\selenium-support-4.34.0.jar;C:\Users\dalvi\.m2\repository\org\slf4j\slf4j-simple\2.0.17\slf4j-simple-2.0.17.jar;C:\Users\dalvi\.m2\repository\org\slf4j\slf4j-api\2.0.17\slf4j-api-2.0.17.jar;C:\Users\dalvi\.m2\repository\org\apache\commons\commons-compress\1.27.1\commons-compress-1.27.1.jar;C:\Users\dalvi\.m2\repository\commons-codec\commons-codec\1.17.1\commons-codec-1.17.1.jar;C:\Users\dalvi\.m2\repository\org\apache\commons\commons-lang3\3.16.0\commons-lang3-3.16.0.jar;C:\Users\dalvi\.m2\repository\junit\junit\4.13.2\junit-4.13.2.jar;C:\Users\dalvi\.m2\repository\org\hamcrest\hamcrest-core\1.3\hamcrest-core-1.3.jar;C:\Users\dalvi\.m2\repository\com\aventstack\extentreports\5.0.9\extentreports-5.0.9.jar;C:\Users\dalvi\.m2\repository\io\reactivex\rxjava3\rxjava\3.0.4\rxjava-3.0.4.jar;C:\Users\dalvi\.m2\repository\org\reactivestreams\reactive-streams\1.0.3\reactive-streams-1.0.3.jar;C:\Users\dalvi\.m2\repository\org\freemarker\freemarker\2.3.30\freemarker-2.3.30.jar;C:\Users\dalvi\.m2\repository\com\google\code\gson\gson\2.8.6\gson-2.8.6.jar;C:\Users\dalvi\.m2\repository\io\cucumber\cucumber-java\7.12.0\cucumber-java-7.12.0.jar;C:\Users\dalvi\.m2\repository\io\cucumber\cucumber-core\7.12.0\cucumber-core-7.12.0.jar;C:\Users\dalvi\.m2\repository\io\cucumber\cucumber-gherkin\7.12.0\cucumber-gherkin-7.12.0.jar;C:\Users\dalvi\.m2\repository\io\cucumber\cucumber-gherkin-messages\7.12.0\cucumber-gherkin-messages-7.12.0.jar;C:\Users\dalvi\.m2\repository\io\cucumber\gherkin\26.2.0\gherkin-26.2.0.jar;C:\Users\dalvi\.m2\repository\io\cucumber\messages\22.0.0\messages-22.0.0.jar;C:\Users\dalvi\.m2\repository\io\cucumber\tag-expressions\5.0.1\tag-expressions-5.0.1.jar;C:\Users\dalvi\.m2\repository\io\cucumber\cucumber-expressions\16.1.2\cucumber-expressions-16.1.2.jar;C:\Users\dalvi\.m2\repository\io\cucumber\datatable\7.12.0\datatable-7.12.0.jar;C:\Users\dalvi\.m2\repository\io\cucumber\cucumber-plugin\7.12.0\cucumber-plugin-7.12.0.jar;C:\Users\dalvi\.m2\repository\io\cucumber\docstring\7.12.0\docstring-7.12.0.jar;C:\Users\dalvi\.m2\repository\io\cucumber\html-formatter\20.3.0\html-formatter-20.3.0.jar;C:\Users\dalvi\.m2\repository\io\cucumber\junit-xml-formatter\0.2.0\junit-xml-formatter-0.2.0.jar;C:\Users\dalvi\.m2\repository\io\cucumber\ci-environment\9.2.0\ci-environment-9.2.0.jar;C:\Users\dalvi\.m2\repository\org\apiguardian\apiguardian-api\1.1.2\apiguardian-api-1.1.2.jar;C:\Users\dalvi\.m2\repository\io\cucumber\cucumber-testng\7.12.0\cucumber-testng-7.12.0.jar;C:\Users\dalvi\.m2\repository\org\apache\logging\log4j\log4j-core\2.20.0\log4j-core-2.20.0.jar;C:\Users\dalvi\.m2\repository\org\apache\logging\log4j\log4j-api\2.20.0\log4j-api-2.20.0.jar;C:\Users\dalvi\.m2\repository\org\testng\testng\7.6.1\testng-7.6.1.jar;C:\Users\dalvi\.m2\repository\com\google\code\findbugs\jsr305\3.0.2\jsr305-3.0.2.jar;C:\Users\dalvi\.m2\repository\com\beust\jcommander\1.82\jcommander-1.82.jar;C:\Users\dalvi\.m2\repository\org\webjars\jquery\3.6.0\jquery-3.6.0.jar;C:\Users\dalvi\.m2\repository\io\github\bonigarcia\webdrivermanager\5.6.2\webdrivermanager-5.6.2.jar;C:\Users\dalvi\.m2\repository\com\github\docker-java\docker-java\3.3.4\docker-java-3.3.4.jar;C:\Users\dalvi\.m2\repository\com\github\docker-java\docker-java-core\3.3.4\docker-java-core-3.3.4.jar;C:\Users\dalvi\.m2\repository\com\github\docker-java\docker-java-api\3.3.4\docker-java-api-3.3.4.jar;C:\Users\dalvi\.m2\repository\com\fasterxml\jackson\core\jackson-annotations\2.10.3\jackson-annotations-2.10.3.jar;C:\Users\dalvi\.m2\repository\com\fasterxml\jackson\core\jackson-databind\2.10.3\jackson-databind-2.10.3.jar;C:\Users\dalvi\.m2\repository\com\fasterxml\jackson\core\jackson-core\2.10.3\jackson-core-2.10.3.jar;C:\Users\dalvi\.m2\repository\org\bouncycastle\bcpkix-jdk18on\1.76\bcpkix-jdk18on-1.76.jar;C:\Users\dalvi\.m2\repository\org\bouncycastle\bcprov-jdk18on\1.76\bcprov-jdk18on-1.76.jar;C:\Users\dalvi\.m2\repository\org\bouncycastle\bcutil-jdk18on\1.76\bcutil-jdk18on-1.76.jar;C:\Users\dalvi\.m2\repository\org\slf4j\jcl-over-slf4j\1.7.30\jcl-over-slf4j-1.7.30.jar;C:\Users\dalvi\.m2\repository\com\github\docker-java\docker-java-transport-httpclient5\3.3.4\docker-java-transport-httpclient5-3.3.4.jar;C:\Users\dalvi\.m2\repository\com\github\docker-java\docker-java-transport\3.3.4\docker-java-transport-3.3.4.jar;C:\Users\dalvi\.m2\repository\net\java\dev\jna\jna\5.13.0\jna-5.13.0.jar;C:\Users\dalvi\.m2\repository\org\brotli\dec\0.1.2\dec-0.1.2.jar;C:\Users\dalvi\.m2\repository\org\apache\httpcomponents\client5\httpclient5\5.2.1\httpclient5-5.2.1.jar;C:\Users\dalvi\.m2\repository\org\apache\httpcomponents\core5\httpcore5\5.2\httpcore5-5.2.jar;C:\Users\dalvi\.m2\repository\org\apache\httpcomponents\core5\httpcore5-h2\5.2\httpcore5-h2-5.2.jar;C:\Users\dalvi\.m2\repository\org\apache\poi\poi\5.4.1\poi-5.4.1.jar;C:\Users\dalvi\.m2\repository\org\apache\commons\commons-collections4\4.4\commons-collections4-4.4.jar;C:\Users\dalvi\.m2\repository\org\apache\commons\commons-math3\3.6.1\commons-math3-3.6.1.jar;C:\Users\dalvi\.m2\repository\com\zaxxer\SparseBitSet\1.3\SparseBitSet-1.3.jar;C:\Users\dalvi\.m2\repository\org\apache\poi\poi-ooxml\5.4.1\poi-ooxml-5.4.1.jar;C:\Users\dalvi\.m2\repository\org\apache\poi\poi-ooxml-lite\5.4.1\poi-ooxml-lite-5.4.1.jar;C:\Users\dalvi\.m2\repository\org\apache\xmlbeans\xmlbeans\5.3.0\xmlbeans-5.3.0.jar;C:\Users\dalvi\.m2\repository\com\github\virtuald\curvesapi\1.08\curvesapi-1.08.jar;C:\Users\dalvi\.m2\repository\commons-io\commons-io\2.20.0\commons-io-2.20.0.jar;C:\Users\dalvi\.m2\repository\org\projectlombok\lombok\1.18.30\lombok-1.18.30.jar;"/>
    <property name="java.vm.vendor" value="Eclipse Adoptium"/>
    <property name="sun.arch.data.model" value="64"/>
    <property name="user.variant" value=""/>
    <property name="java.vendor.url" value="https://adoptium.net/"/>
    <property name="user.timezone" value="Asia/Calcutta"/>
    <property name="os.name" value="Windows 11"/>
    <property name="java.vm.specification.version" value="21"/>
    <property name="sun.java.launcher" value="SUN_STANDARD"/>
    <property name="user.country" value="IN"/>
    <property name="sun.boot.library.path" value="C:\Users\dalvi\.p2\pool\plugins\org.eclipse.justj.openjdk.hotspot.jre.full.win32.x86_64_21.0.8.v20250724-1412\jre\bin"/>
    <property name="sun.java.command" value="C:\Users\dalvi\AppData\Local\Temp\surefire9021332008466520977\surefirebooter-20250813183900002_3.jar C:\Users\dalvi\AppData\Local\Temp\surefire9021332008466520977 2025-08-13T18-38-59_858-jvmRun1 surefire-20250813183900002_1tmp surefire_0-20250813183900002_2tmp"/>
    <property name="jdk.debug" value="release"/>
    <property name="surefire.test.class.path" value="C:\Users\dalvi\OneDrive\Documents\test-automation\target\test-classes;C:\Users\dalvi\OneDrive\Documents\test-automation\target\classes;C:\Users\dalvi\.m2\repository\org\seleniumhq\selenium\selenium-java\4.34.0\selenium-java-4.34.0.jar;C:\Users\dalvi\.m2\repository\org\seleniumhq\selenium\selenium-api\4.34.0\selenium-api-4.34.0.jar;C:\Users\dalvi\.m2\repository\org\jspecify\jspecify\1.0.0\jspecify-1.0.0.jar;C:\Users\dalvi\.m2\repository\org\seleniumhq\selenium\selenium-chrome-driver\4.34.0\selenium-chrome-driver-4.34.0.jar;C:\Users\dalvi\.m2\repository\com\google\auto\service\auto-service-annotations\1.1.1\auto-service-annotations-1.1.1.jar;C:\Users\dalvi\.m2\repository\org\seleniumhq\selenium\selenium-chromium-driver\4.34.0\selenium-chromium-driver-4.34.0.jar;C:\Users\dalvi\.m2\repository\org\seleniumhq\selenium\selenium-json\4.34.0\selenium-json-4.34.0.jar;C:\Users\dalvi\.m2\repository\org\seleniumhq\selenium\selenium-manager\4.34.0\selenium-manager-4.34.0.jar;C:\Users\dalvi\.m2\repository\org\seleniumhq\selenium\selenium-devtools-v136\4.34.0\selenium-devtools-v136-4.34.0.jar;C:\Users\dalvi\.m2\repository\org\seleniumhq\selenium\selenium-devtools-v137\4.34.0\selenium-devtools-v137-4.34.0.jar;C:\Users\dalvi\.m2\repository\org\seleniumhq\selenium\selenium-devtools-v138\4.34.0\selenium-devtools-v138-4.34.0.jar;C:\Users\dalvi\.m2\repository\org\seleniumhq\selenium\selenium-edge-driver\4.34.0\selenium-edge-driver-4.34.0.jar;C:\Users\dalvi\.m2\repository\org\seleniumhq\selenium\selenium-firefox-driver\4.34.0\selenium-firefox-driver-4.34.0.jar;C:\Users\dalvi\.m2\repository\org\seleniumhq\selenium\selenium-http\4.34.0\selenium-http-4.34.0.jar;C:\Users\dalvi\.m2\repository\org\seleniumhq\selenium\selenium-ie-driver\4.34.0\selenium-ie-driver-4.34.0.jar;C:\Users\dalvi\.m2\repository\org\seleniumhq\selenium\selenium-remote-driver\4.34.0\selenium-remote-driver-4.34.0.jar;C:\Users\dalvi\.m2\repository\com\google\guava\guava\33.4.8-jre\guava-33.4.8-jre.jar;C:\Users\dalvi\.m2\repository\com\google\guava\failureaccess\1.0.3\failureaccess-1.0.3.jar;C:\Users\dalvi\.m2\repository\com\google\guava\listenablefuture\9999.0-empty-to-avoid-conflict-with-guava\listenablefuture-9999.0-empty-to-avoid-conflict-with-guava.jar;C:\Users\dalvi\.m2\repository\com\google\errorprone\error_prone_annotations\2.36.0\error_prone_annotations-2.36.0.jar;C:\Users\dalvi\.m2\repository\com\google\j2objc\j2objc-annotations\3.0.0\j2objc-annotations-3.0.0.jar;C:\Users\dalvi\.m2\repository\io\opentelemetry\opentelemetry-api\1.51.0\opentelemetry-api-1.51.0.jar;C:\Users\dalvi\.m2\repository\io\opentelemetry\opentelemetry-context\1.51.0\opentelemetry-context-1.51.0.jar;C:\Users\dalvi\.m2\repository\io\opentelemetry\opentelemetry-exporter-logging\1.51.0\opentelemetry-exporter-logging-1.51.0.jar;C:\Users\dalvi\.m2\repository\io\opentelemetry\opentelemetry-sdk-common\1.51.0\opentelemetry-sdk-common-1.51.0.jar;C:\Users\dalvi\.m2\repository\io\opentelemetry\opentelemetry-sdk-extension-autoconfigure-spi\1.51.0\opentelemetry-sdk-extension-autoconfigure-spi-1.51.0.jar;C:\Users\dalvi\.m2\repository\io\opentelemetry\opentelemetry-sdk-extension-autoconfigure\1.51.0\opentelemetry-sdk-extension-autoconfigure-1.51.0.jar;C:\Users\dalvi\.m2\repository\io\opentelemetry\opentelemetry-sdk-trace\1.51.0\opentelemetry-sdk-trace-1.51.0.jar;C:\Users\dalvi\.m2\repository\io\opentelemetry\opentelemetry-sdk\1.51.0\opentelemetry-sdk-1.51.0.jar;C:\Users\dalvi\.m2\repository\io\opentelemetry\opentelemetry-sdk-metrics\1.51.0\opentelemetry-sdk-metrics-1.51.0.jar;C:\Users\dalvi\.m2\repository\io\opentelemetry\opentelemetry-sdk-logs\1.51.0\opentelemetry-sdk-logs-1.51.0.jar;C:\Users\dalvi\.m2\repository\net\bytebuddy\byte-buddy\1.17.6\byte-buddy-1.17.6.jar;C:\Users\dalvi\.m2\repository\org\seleniumhq\selenium\selenium-os\4.34.0\selenium-os-4.34.0.jar;C:\Users\dalvi\.m2\repository\org\apache\commons\commons-exec\1.5.0\commons-exec-1.5.0.jar;C:\Users\dalvi\.m2\repository\org\seleniumhq\selenium\selenium-safari-driver\4.34.0\selenium-safari-driver-4.34.0.jar;C:\Users\dalvi\.m2\repository\org\seleniumhq\selenium\selenium-support\4.34.0\selenium-support-4.34.0.jar;C:\Users\dalvi\.m2\repository\org\slf4j\slf4j-simple\2.0.17\slf4j-simple-2.0.17.jar;C:\Users\dalvi\.m2\repository\org\slf4j\slf4j-api\2.0.17\slf4j-api-2.0.17.jar;C:\Users\dalvi\.m2\repository\org\apache\commons\commons-compress\1.27.1\commons-compress-1.27.1.jar;C:\Users\dalvi\.m2\repository\commons-codec\commons-codec\1.17.1\commons-codec-1.17.1.jar;C:\Users\dalvi\.m2\repository\org\apache\commons\commons-lang3\3.16.0\commons-lang3-3.16.0.jar;C:\Users\dalvi\.m2\repository\junit\junit\4.13.2\junit-4.13.2.jar;C:\Users\dalvi\.m2\repository\org\hamcrest\hamcrest-core\1.3\hamcrest-core-1.3.jar;C:\Users\dalvi\.m2\repository\com\aventstack\extentreports\5.0.9\extentreports-5.0.9.jar;C:\Users\dalvi\.m2\repository\io\reactivex\rxjava3\rxjava\3.0.4\rxjava-3.0.4.jar;C:\Users\dalvi\.m2\repository\org\reactivestreams\reactive-streams\1.0.3\reactive-streams-1.0.3.jar;C:\Users\dalvi\.m2\repository\org\freemarker\freemarker\2.3.30\freemarker-2.3.30.jar;C:\Users\dalvi\.m2\repository\com\google\code\gson\gson\2.8.6\gson-2.8.6.jar;C:\Users\dalvi\.m2\repository\io\cucumber\cucumber-java\7.12.0\cucumber-java-7.12.0.jar;C:\Users\dalvi\.m2\repository\io\cucumber\cucumber-core\7.12.0\cucumber-core-7.12.0.jar;C:\Users\dalvi\.m2\repository\io\cucumber\cucumber-gherkin\7.12.0\cucumber-gherkin-7.12.0.jar;C:\Users\dalvi\.m2\repository\io\cucumber\cucumber-gherkin-messages\7.12.0\cucumber-gherkin-messages-7.12.0.jar;C:\Users\dalvi\.m2\repository\io\cucumber\gherkin\26.2.0\gherkin-26.2.0.jar;C:\Users\dalvi\.m2\repository\io\cucumber\messages\22.0.0\messages-22.0.0.jar;C:\Users\dalvi\.m2\repository\io\cucumber\tag-expressions\5.0.1\tag-expressions-5.0.1.jar;C:\Users\dalvi\.m2\repository\io\cucumber\cucumber-expressions\16.1.2\cucumber-expressions-16.1.2.jar;C:\Users\dalvi\.m2\repository\io\cucumber\datatable\7.12.0\datatable-7.12.0.jar;C:\Users\dalvi\.m2\repository\io\cucumber\cucumber-plugin\7.12.0\cucumber-plugin-7.12.0.jar;C:\Users\dalvi\.m2\repository\io\cucumber\docstring\7.12.0\docstring-7.12.0.jar;C:\Users\dalvi\.m2\repository\io\cucumber\html-formatter\20.3.0\html-formatter-20.3.0.jar;C:\Users\dalvi\.m2\repository\io\cucumber\junit-xml-formatter\0.2.0\junit-xml-formatter-0.2.0.jar;C:\Users\dalvi\.m2\repository\io\cucumber\ci-environment\9.2.0\ci-environment-9.2.0.jar;C:\Users\dalvi\.m2\repository\org\apiguardian\apiguardian-api\1.1.2\apiguardian-api-1.1.2.jar;C:\Users\dalvi\.m2\repository\io\cucumber\cucumber-testng\7.12.0\cucumber-testng-7.12.0.jar;C:\Users\dalvi\.m2\repository\org\apache\logging\log4j\log4j-core\2.20.0\log4j-core-2.20.0.jar;C:\Users\dalvi\.m2\repository\org\apache\logging\log4j\log4j-api\2.20.0\log4j-api-2.20.0.jar;C:\Users\dalvi\.m2\repository\org\testng\testng\7.6.1\testng-7.6.1.jar;C:\Users\dalvi\.m2\repository\com\google\code\findbugs\jsr305\3.0.2\jsr305-3.0.2.jar;C:\Users\dalvi\.m2\repository\com\beust\jcommander\1.82\jcommander-1.82.jar;C:\Users\dalvi\.m2\repository\org\webjars\jquery\3.6.0\jquery-3.6.0.jar;C:\Users\dalvi\.m2\repository\io\github\bonigarcia\webdrivermanager\5.6.2\webdrivermanager-5.6.2.jar;C:\Users\dalvi\.m2\repository\com\github\docker-java\docker-java\3.3.4\docker-java-3.3.4.jar;C:\Users\dalvi\.m2\repository\com\github\docker-java\docker-java-core\3.3.4\docker-java-core-3.3.4.jar;C:\Users\dalvi\.m2\repository\com\github\docker-java\docker-java-api\3.3.4\docker-java-api-3.3.4.jar;C:\Users\dalvi\.m2\repository\com\fasterxml\jackson\core\jackson-annotations\2.10.3\jackson-annotations-2.10.3.jar;C:\Users\dalvi\.m2\repository\com\fasterxml\jackson\core\jackson-databind\2.10.3\jackson-databind-2.10.3.jar;C:\Users\dalvi\.m2\repository\com\fasterxml\jackson\core\jackson-core\2.10.3\jackson-core-2.10.3.jar;C:\Users\dalvi\.m2\repository\org\bouncycastle\bcpkix-jdk18on\1.76\bcpkix-jdk18on-1.76.jar;C:\Users\dalvi\.m2\repository\org\bouncycastle\bcprov-jdk18on\1.76\bcprov-jdk18on-1.76.jar;C:\Users\dalvi\.m2\repository\org\bouncycastle\bcutil-jdk18on\1.76\bcutil-jdk18on-1.76.jar;C:\Users\dalvi\.m2\repository\org\slf4j\jcl-over-slf4j\1.7.30\jcl-over-slf4j-1.7.30.jar;C:\Users\dalvi\.m2\repository\com\github\docker-java\docker-java-transport-httpclient5\3.3.4\docker-java-transport-httpclient5-3.3.4.jar;C:\Users\dalvi\.m2\repository\com\github\docker-java\docker-java-transport\3.3.4\docker-java-transport-3.3.4.jar;C:\Users\dalvi\.m2\repository\net\java\dev\jna\jna\5.13.0\jna-5.13.0.jar;C:\Users\dalvi\.m2\repository\org\brotli\dec\0.1.2\dec-0.1.2.jar;C:\Users\dalvi\.m2\repository\org\apache\httpcomponents\client5\httpclient5\5.2.1\httpclient5-5.2.1.jar;C:\Users\dalvi\.m2\repository\org\apache\httpcomponents\core5\httpcore5\5.2\httpcore5-5.2.jar;C:\Users\dalvi\.m2\repository\org\apache\httpcomponents\core5\httpcore5-h2\5.2\httpcore5-h2-5.2.jar;C:\Users\dalvi\.m2\repository\org\apache\poi\poi\5.4.1\poi-5.4.1.jar;C:\Users\dalvi\.m2\repository\org\apache\commons\commons-collections4\4.4\commons-collections4-4.4.jar;C:\Users\dalvi\.m2\repository\org\apache\commons\commons-math3\3.6.1\commons-math3-3.6.1.jar;C:\Users\dalvi\.m2\repository\com\zaxxer\SparseBitSet\1.3\SparseBitSet-1.3.jar;C:\Users\dalvi\.m2\repository\org\apache\poi\poi-ooxml\5.4.1\poi-ooxml-5.4.1.jar;C:\Users\dalvi\.m2\repository\org\apache\poi\poi-ooxml-lite\5.4.1\poi-ooxml-lite-5.4.1.jar;C:\Users\dalvi\.m2\repository\org\apache\xmlbeans\xmlbeans\5.3.0\xmlbeans-5.3.0.jar;C:\Users\dalvi\.m2\repository\com\github\virtuald\curvesapi\1.08\curvesapi-1.08.jar;C:\Users\dalvi\.m2\repository\commons-io\commons-io\2.20.0\commons-io-2.20.0.jar;C:\Users\dalvi\.m2\repository\org\projectlombok\lombok\1.18.30\lombok-1.18.30.jar;"/>
    <property name="sun.cpu.endian" value="little"/>
    <property name="user.home" value="C:\Users\dalvi"/>
    <property name="user.language" value="en"/>
    <property name="java.specification.vendor" value="Oracle Corporation"/>
    <property name="java.version.date" value="2025-07-15"/>
    <property name="java.home" value="C:\Users\dalvi\.p2\pool\plugins\org.eclipse.justj.openjdk.hotspot.jre.full.win32.x86_64_21.0.8.v20250724-1412\jre"/>
    <property name="file.separator" value="\"/>
    <property name="basedir" value="C:\Users\dalvi\OneDrive\Documents\test-automation"/>
    <property name="style.color" value="always"/>
    <property name="java.vm.compressedOopsMode" value="Zero based"/>
    <property name="line.separator" value="&#10;"/>
    <property name="java.vm.specification.vendor" value="Oracle Corporation"/>
    <property name="java.specification.name" value="Java Platform API Specification"/>
    <property name="surefire.real.class.path" value="C:\Users\dalvi\AppData\Local\Temp\surefire9021332008466520977\surefirebooter-20250813183900002_3.jar"/>
    <property name="user.script" value=""/>
    <property name="sun.management.compiler" value="HotSpot 64-Bit Tiered Compilers"/>
    <property name="java.runtime.version" value="21.0.8+9-LTS"/>
    <property name="user.name" value="dalvi"/>
    <property name="stdout.encoding" value="Cp1252"/>
    <property name="path.separator" value=";"/>
    <property name="os.version" value="10.0"/>
    <property name="java.runtime.name" value="OpenJDK Runtime Environment"/>
    <property name="file.encoding" value="UTF-8"/>
    <property name="java.vm.name" value="OpenJDK 64-Bit Server VM"/>
    <property name="java.vendor.version" value="Temurin-21.0.8+9"/>
    <property name="localRepository" value="C:\Users\dalvi\.m2\repository"/>
    <property name="java.vendor.url.bug" value="https://github.com/adoptium/adoptium-support/issues"/>
    <property name="java.io.tmpdir" value="C:\Users\dalvi\AppData\Local\Temp\"/>
    <property name="java.version" value="21.0.8"/>
    <property name="user.dir" value="C:\Users\dalvi\OneDrive\Documents\test-automation"/>
    <property name="os.arch" value="amd64"/>
    <property name="java.vm.specification.name" value="Java Virtual Machine Specification"/>
    <property name="sun.os.patch.level" value=""/>
    <property name="native.encoding" value="Cp1252"/>
    <property name="java.library.path" value="C:\Users\dalvi\.p2\pool\plugins\org.eclipse.justj.openjdk.hotspot.jre.full.win32.x86_64_21.0.8.v20250724-1412\jre\bin;C:\WINDOWS\Sun\Java\bin;C:\WINDOWS\system32;C:\WINDOWS;C:/Users/dalvi/.p2/pool/plugins/org.eclipse.justj.openjdk.hotspot.jre.full.win32.x86_64_21.0.8.v20250724-1412/jre/bin/server;C:/Users/dalvi/.p2/pool/plugins/org.eclipse.justj.openjdk.hotspot.jre.full.win32.x86_64_21.0.8.v20250724-1412/jre/bin;C:\Windows\system32;C:\Windows;C:\Windows\System32\Wbem;C:\Windows\System32\WindowsPowerShell\v1.0\;C:\Windows\System32\OpenSSH\;C:\Program Files (x86)\NVIDIA Corporation\PhysX\Common;C:\WINDOWS\system32;C:\WINDOWS;C:\WINDOWS\System32\Wbem;C:\WINDOWS\System32\WindowsPowerShell\v1.0\;C:\WINDOWS\System32\OpenSSH\;C:\Program Files\Java\jdk-24.0.1\bin;C:\Users\dalvi\Downloads\apache-maven-3.9.10\bin;C:\Program Files\NVIDIA Corporation\NVIDIA App\NvDLISR;C:\Users\dalvi\AppData\Local\Microsoft\WindowsApps;C:\adb;C:\Program Files\MySQL\MySQL Server 8.0\bin;C:\Program Files\Git\cmd;C:\Program Files\nodejs\;C:\Program Files\Java\jdk-21.0.8\bin;C:\Users\dalvi\Downloads\allure-2.34.1\allure-2.34.1\bin;;C:\Program Files\Docker\Docker\resources\bin;C:\Users\dalvi\scoop\shims;C:\Users\dalvi\AppData\Local\Programs\Python\Python310\Scripts\;C:\Users\dalvi\AppData\Local\Programs\Python\Python310\;C:\Program Files\MySQL\MySQL Shell 8.0\bin\;C:\Users\dalvi\AppData\Local\Programs\Python\Python313\Scripts\;C:\Users\dalvi\AppData\Local\Programs\Python\Python313\;C:\Users\dalvi\AppData\Local\Programs\Python\Launcher\;C:\Users\dalvi\AppData\Local\Microsoft\WindowsApps;C:\Users\dalvi\AppData\Local\Programs\Microsoft VS Code\bin;C:\Users\dalvi\AppData\Roaming\npm;C:\WINDOWS\system32;;."/>
    <property name="java.vm.info" value="mixed mode, sharing"/>
    <property name="stderr.encoding" value="Cp1252"/>
    <property name="java.vendor" value="Eclipse Adoptium"/>
    <property name="java.vm.version" value="21.0.8+9-LTS"/>
    <property name="sun.io.unicode.encoding" value="UnicodeLittle"/>
    <property name="java.class.version" value="65.0"/>
  </properties>
  <testcase name="runScenario[&quot;Verify booking form with invalid details&quot;, &quot;Event Management System - Booking Form&quot;](1)" classname="runner.TestRunner" time="10.587">
    <system-out><![CDATA[
@BookingForm @NegativeTest
Scenario: Verify booking form with invalid details              # src/test/resources/features/Booking.feature:8
18:39:05.074 [main] INFO  BookingSteps - Application Launched........
18:39:05.078 [main] INFO  BookingSteps - Opening Booking Form........
  Given The user is on the Event Management System booking page # stepDefinitions.BookingSteps.the_user_is_on_the_event_management_system_booking_page()
18:39:08.603 [main] INFO  BookingSteps - Entering Invalid Booking Details........
18:39:08.603 [main] INFO  BookingSteps - Implementing negative scenario using DataType........
  When The user enters invalid details                          # stepDefinitions.BookingSteps.user_enters_invalid_details(io.cucumber.datatable.DataTable)
    | FirstName | LastName | Phone      | Email       | EventType | EventDate | EventTime | GuestCount | Catering | Address      | City    | Pincode |
    | John      | 1234     | 9876543210 | john.s@.com | Others    | abc       | 123       | -100       | Veg      | 123 Park Ave | Chennai | 400001  |
18:39:09.461 [main] INFO  BookingSteps - Clicking Book Now Button........
  Then The user clicks the Book Now button                      # stepDefinitions.BookingSteps.the_user_clicks_the_book_now_button()
18:39:09.542 [main] INFO  BookingSteps - Taking Screenshots of negative scenario........
  Then Take Screenshot Scnario 1                                # stepDefinitions.BookingSteps.take_screenshotScenario1()
18:39:09.729 [main] INFO  BookingSteps - Closing Browser........
  And Close the browser                                         # stepDefinitions.BookingSteps.close_the_browser()
]]></system-out>
    <system-err><![CDATA[Aug 13, 2025 6:39:04 PM org.openqa.selenium.devtools.CdpVersionFinder findNearestMatch
WARNING: Unable to find an exact match for CDP version 139, returning the closest version; found: 138; Please update to a Selenium version that supports CDP version 139
]]></system-err>
  </testcase>
  <testcase name="runScenario[&quot;Verify booking form with valid details&quot;, &quot;Event Management System - Booking Form&quot;](2)" classname="runner.TestRunner" time="8.235">
    <system-out><![CDATA[
@BookingForm @PositiveTest @DataDriven
Scenario Outline: Verify booking form with valid details                                                                                                                    # src/test/resources/features/Booking.feature:26
18:39:12.835 [main] INFO  BookingSteps - Application Launched........
18:39:12.835 [main] INFO  BookingSteps - Opening Booking Form........
  Given The user is on the Event Management System booking page                                                                                                             # stepDefinitions.BookingSteps.the_user_is_on_the_event_management_system_booking_page()
18:39:16.839 [main] INFO  BookingSteps - Entering Valid Booking Details........
18:39:16.839 [main] INFO  BookingSteps - Implementing positive scenario using Scenario Outline........
  When the user enters the details "Sam", "Smith", "9876543210", "sam.s@email.com", "Wedding", "08/15/2025", "18:00", "150", "Veg", "123 Park Ave", "Chennai", and "400001" # stepDefinitions.BookingSteps.user_enters_valid_details(java.lang.String,java.lang.String,java.lang.String,java.lang.String,java.lang.String,java.lang.String,java.lang.String,java.lang.String,java.lang.String,java.lang.String,java.lang.String,java.lang.String)
18:39:17.670 [main] INFO  BookingSteps - Clicking Book Now Button........
  Then The user clicks the Book Now button                                                                                                                                  # stepDefinitions.BookingSteps.the_user_clicks_the_book_now_button()
18:39:17.762 [main] INFO  BookingSteps - Taking Screenshots of positive scenario........
  Then Take Screenshot Scnario 2                                                                                                                                            # stepDefinitions.BookingSteps.take_screenshotScenario2()
18:39:17.953 [main] INFO  BookingSteps - Closing Browser........
  And Close the browser                                                                                                                                                     # stepDefinitions.BookingSteps.close_the_browser()
]]></system-out>
    <system-err><![CDATA[Aug 13, 2025 6:39:12 PM org.openqa.selenium.devtools.CdpVersionFinder findNearestMatch
WARNING: Unable to find an exact match for CDP version 139, returning the closest version; found: 138; Please update to a Selenium version that supports CDP version 139
]]></system-err>
  </testcase>
  <testcase name="runScenario[&quot;Verify booking form with valid details&quot;, &quot;Event Management System - Booking Form&quot;](3)" classname="runner.TestRunner" time="8.296">
    <system-out><![CDATA[
@BookingForm @PositiveTest @DataDriven
Scenario Outline: Verify booking form with valid details                                                                                                                              # src/test/resources/features/Booking.feature:27
18:39:20.982 [main] INFO  BookingSteps - Application Launched........
18:39:20.982 [main] INFO  BookingSteps - Opening Booking Form........
  Given The user is on the Event Management System booking page                                                                                                                       # stepDefinitions.BookingSteps.the_user_is_on_the_event_management_system_booking_page()
18:39:25.142 [main] INFO  BookingSteps - Entering Valid Booking Details........
18:39:25.142 [main] INFO  BookingSteps - Implementing positive scenario using Scenario Outline........
  When the user enters the details "Maria", "Jones", "9123456789", "maria.j@email.com", "Birthday", "09/20/2025", "19:30", "50", "Non-Veg", "456 Lake Rd", "Coimbatore", and "411001" # stepDefinitions.BookingSteps.user_enters_valid_details(java.lang.String,java.lang.String,java.lang.String,java.lang.String,java.lang.String,java.lang.String,java.lang.String,java.lang.String,java.lang.String,java.lang.String,java.lang.String,java.lang.String)
18:39:25.958 [main] INFO  BookingSteps - Clicking Book Now Button........
  Then The user clicks the Book Now button                                                                                                                                            # stepDefinitions.BookingSteps.the_user_clicks_the_book_now_button()
18:39:26.047 [main] INFO  BookingSteps - Taking Screenshots of positive scenario........
  Then Take Screenshot Scnario 2                                                                                                                                                      # stepDefinitions.BookingSteps.take_screenshotScenario2()
18:39:26.263 [main] INFO  BookingSteps - Closing Browser........
  And Close the browser                                                                                                                                                               # stepDefinitions.BookingSteps.close_the_browser()
]]></system-out>
    <system-err><![CDATA[Aug 13, 2025 6:39:20 PM org.openqa.selenium.devtools.CdpVersionFinder findNearestMatch
WARNING: Unable to find an exact match for CDP version 139, returning the closest version; found: 138; Please update to a Selenium version that supports CDP version 139
]]></system-err>
  </testcase>
  <testcase name="runScenario[&quot;Invalid Event Date&quot;, &quot;Event Management System - Booking Form&quot;](4)" classname="runner.TestRunner" time="8.651">
    <system-out><![CDATA[
@BookingForm @DataDriven @InvalidEventDate
Scenario Outline: Invalid Event Date                                                                                                                                           # src/test/resources/features/Booking.feature:40
18:39:29.297 [main] INFO  BookingSteps - Application Launched........
18:39:29.297 [main] INFO  BookingSteps - Opening Booking Form........
  Given The user is on the Event Management System booking page                                                                                                                # stepDefinitions.BookingSteps.the_user_is_on_the_event_management_system_booking_page()
18:39:33.852 [main] INFO  BookingSteps - Entering Valid Booking Details........
18:39:33.852 [main] INFO  BookingSteps - Implementing positive scenario using Scenario Outline........
  When the user enters the details "Micheal", "Starc", "9876543210", "micheal.s@email.com", "Anniversary", "xyz", "18:00", "150", "Veg", "123 Mithun", "Chennai", and "400087" # stepDefinitions.BookingSteps.user_enters_valid_details(java.lang.String,java.lang.String,java.lang.String,java.lang.String,java.lang.String,java.lang.String,java.lang.String,java.lang.String,java.lang.String,java.lang.String,java.lang.String,java.lang.String)
18:39:34.695 [main] INFO  BookingSteps - Clicking Book Now Button........
  Then The user clicks the Book Now button                                                                                                                                     # stepDefinitions.BookingSteps.the_user_clicks_the_book_now_button()
18:39:34.773 [main] INFO  BookingSteps - Taking Screenshots of positive scenario........
  Then Take Screenshot Invalid Scnario                                                                                                                                         # stepDefinitions.BookingSteps.take_screenshot_invalid_scnario()
18:39:34.926 [main] INFO  BookingSteps - Closing Browser........
  And Close the browser                                                                                                                                                        # stepDefinitions.BookingSteps.close_the_browser()
]]></system-out>
    <system-err><![CDATA[Aug 13, 2025 6:39:29 PM org.openqa.selenium.devtools.CdpVersionFinder findNearestMatch
WARNING: Unable to find an exact match for CDP version 139, returning the closest version; found: 138; Please update to a Selenium version that supports CDP version 139
]]></system-err>
  </testcase>
  <testcase name="runScenario[&quot;Invalid Event Time&quot;, &quot;Event Management System - Booking Form&quot;](5)" classname="runner.TestRunner" time="7.809">
    <system-out><![CDATA[
@BookingForm @DataDriven @InvalidEventTime
Scenario Outline: Invalid Event Time                                                                                                                                                  # src/test/resources/features/Booking.feature:53
18:39:37.977 [main] INFO  BookingSteps - Application Launched........
18:39:37.978 [main] INFO  BookingSteps - Opening Booking Form........
  Given The user is on the Event Management System booking page                                                                                                                       # stepDefinitions.BookingSteps.the_user_is_on_the_event_management_system_booking_page()
18:39:41.679 [main] INFO  BookingSteps - Entering Valid Booking Details........
18:39:41.679 [main] INFO  BookingSteps - Implementing positive scenario using Scenario Outline........
  When the user enters the details "Adam", "Mathew", "9876543210", "adam.m@email.com", "Corporate", "04/11/2025", "xyz", "150", "Non-Veg", "Sec 7 Hungry", "Coimbatore", and "400071" # stepDefinitions.BookingSteps.user_enters_valid_details(java.lang.String,java.lang.String,java.lang.String,java.lang.String,java.lang.String,java.lang.String,java.lang.String,java.lang.String,java.lang.String,java.lang.String,java.lang.String,java.lang.String)
18:39:42.424 [main] INFO  BookingSteps - Clicking Book Now Button........
  Then The user clicks the Book Now button                                                                                                                                            # stepDefinitions.BookingSteps.the_user_clicks_the_book_now_button()
18:39:42.502 [main] INFO  BookingSteps - Taking Screenshots of positive scenario........
  Then Take Screenshot Invalid Scnario                                                                                                                                                # stepDefinitions.BookingSteps.take_screenshot_invalid_scnario()
18:39:42.728 [main] INFO  BookingSteps - Closing Browser........
  And Close the browser                                                                                                                                                               # stepDefinitions.BookingSteps.close_the_browser()
]]></system-out>
    <system-err><![CDATA[Aug 13, 2025 6:39:37 PM org.openqa.selenium.devtools.CdpVersionFinder findNearestMatch
WARNING: Unable to find an exact match for CDP version 139, returning the closest version; found: 138; Please update to a Selenium version that supports CDP version 139
]]></system-err>
  </testcase>
</testsuite>