<?xml version="1.0" encoding="UTF-8"?>
<!-- Generated by org.testng.reporters.JUnitReportReporter -->
<testsuite hostname="SpecialOne" failures="0" tests="5" name="runner.TestRunner" time="41.134" errors="0" timestamp="2025-08-13T17:20:28 IST" skipped="0">
  <testcase classname="runner.TestRunner" name="runScenario" time="8.740"/>
  <system-out/>
  <testcase classname="runner.TestRunner" name="runScenario" time="7.942"/>
  <system-out/>
  <testcase classname="runner.TestRunner" name="runScenario" time="7.984"/>
  <system-out/>
  <testcase classname="runner.TestRunner" name="runScenario" time="8.835"/>
  <system-out/>
  <testcase classname="runner.TestRunner" name="runScenario" time="7.633"/>
  <system-out/>
</testsuite> <!-- runner.TestRunner -->
