<?xml version="1.0" encoding="UTF-8"?>
<!-- Generated by org.testng.reporters.JUnitReportReporter -->
<testsuite hostname="SpecialOne" failures="0" tests="5" name="runner.TestRunner" time="32.303" errors="0" timestamp="2025-08-14T17:43:36 IST" skipped="0">
  <testcase classname="runner.TestRunner" name="runScenario" time="5.892"/>
  <system-out/>
  <testcase classname="runner.TestRunner" name="runScenario" time="6.130"/>
  <system-out/>
  <testcase classname="runner.TestRunner" name="runScenario" time="6.236"/>
  <system-out/>
  <testcase classname="runner.TestRunner" name="runScenario" time="6.315"/>
  <system-out/>
  <testcase classname="runner.TestRunner" name="runScenario" time="7.730"/>
  <system-out/>
</testsuite> <!-- runner.TestRunner -->
