<?xml version="1.0" encoding="UTF-8"?>
<!-- Generated by org.testng.reporters.JUnitReportReporter -->
<testsuite hostname="SpecialOne" failures="0" tests="5" name="runner.TestRunner" time="42.064" errors="0" timestamp="2025-08-13T17:25:13 IST" skipped="0">
  <testcase classname="runner.TestRunner" name="runScenario" time="8.215"/>
  <system-out/>
  <testcase classname="runner.TestRunner" name="runScenario" time="7.587"/>
  <system-out/>
  <testcase classname="runner.TestRunner" name="runScenario" time="9.457"/>
  <system-out/>
  <testcase classname="runner.TestRunner" name="runScenario" time="7.589"/>
  <system-out/>
  <testcase classname="runner.TestRunner" name="runScenario" time="9.216"/>
  <system-out/>
</testsuite> <!-- runner.TestRunner -->
