<?xml version="1.0" encoding="UTF-8"?>
<!-- Generated by org.testng.reporters.JUnitReportReporter -->
<testsuite hostname="SpecialOne" failures="0" tests="5" name="runner.TestRunner" time="43.576" errors="0" timestamp="2025-08-13T18:39:45 IST" skipped="0">
  <testcase classname="runner.TestRunner" name="runScenario" time="8.237"/>
  <system-out/>
  <testcase classname="runner.TestRunner" name="runScenario" time="8.296"/>
  <system-out/>
  <testcase classname="runner.TestRunner" name="runScenario" time="10.585"/>
  <system-out/>
  <testcase classname="runner.TestRunner" name="runScenario" time="7.808"/>
  <system-out/>
  <testcase classname="runner.TestRunner" name="runScenario" time="8.650"/>
  <system-out/>
</testsuite> <!-- runner.TestRunner -->
