<?xml version="1.0" encoding="UTF-8"?>
<!-- Generated by org.testng.reporters.JUnitReportReporter -->
<testsuite hostname="SpecialOne" failures="0" tests="5" name="runner.TestRunner" time="36.017" errors="0" timestamp="2025-08-13T18:46:25 IST" skipped="0">
  <testcase classname="runner.TestRunner" name="runScenario" time="7.504"/>
  <system-out/>
  <testcase classname="runner.TestRunner" name="runScenario" time="7.109"/>
  <system-out/>
  <testcase classname="runner.TestRunner" name="runScenario" time="7.076"/>
  <system-out/>
  <testcase classname="runner.TestRunner" name="runScenario" time="6.449"/>
  <system-out/>
  <testcase classname="runner.TestRunner" name="runScenario" time="7.879"/>
  <system-out/>
</testsuite> <!-- runner.TestRunner -->
